<?xml version="1.0" encoding="UTF-8"?>
<testsuite xmlns:xsi="http://www.w3.org/2001/XMLSchema-instance" xsi:noNamespaceSchemaLocation="https://maven.apache.org/surefire/maven-surefire-plugin/xsd/surefire-test-report.xsd" name="br.com.churchapi.v1.core.entidade.EntidadesTest" time="0.359" tests="2" errors="0" skipped="0" failures="0">
  <properties>
[...]
</properties>
  <testcase name="igrejaTest" classname="br.com.churchapi.v1.core.entidade.EntidadesTest" time="0.315"/>
  <testcase name="membroTest" classname="br.com.churchapi.v1.core.entidade.EntidadesTest" time="0.044"/>
</testsuite>